<?xml version="1.0" encoding="UTF-8"?>
<testsuite xmlns:xsi="http://www.w3.org/2001/XMLSchema-instance" xsi:noNamespaceSchemaLocation="https://maven.apache.org/surefire/maven-surefire-plugin/xsd/surefire-test-report-3.0.xsd" version="3.0" name="test.RunTest" time="12.009" tests="2" errors="0" skipped="0" failures="0">
  <properties>
[...]
</properties>
  <testcase name="Post запрос Create" classname="Тестирование API сайта reqres" time="8.295">
    <system-out><![CDATA[
@reqres
Сценарий: Post запрос Create                          &amp#27;[90m# features/reqresAPI.feature:5&amp#27;[0m
  &amp#27;[32mЕсли &amp#27;[0m&amp#27;[32mпоменять name и добавить поле job в json файл&amp#27;[0m  &amp#27;[90m# steps.ReqresAPI.change()&amp#27;[0m
Request method:	POST
Request URI:	https://reqres.in/api/users
Proxy:			<none>
Request params:	<none>
Query params:	<none>
Form params:	<none>
Path params:	<none>
Headers:		Accept=*/*
				Content-Type=application/json; charset=UTF-8
Cookies:		<none>
Multiparts:		<none>
Body:
{
    "name": "Tomato",
    "job": "Eat maket"
}
HTTP/1.1 201 Created
Date: Sun, 31 Mar 2024 17:58:22 GMT
Content-Type: application/json; charset=utf-8
Content-Length: 84
Connection: keep-alive
Report-To: {"group":"heroku-nel","max_age":3600,"endpoints":[{"url":"https://nel.heroku.com/reports?ts=1711907902&sid=c4c9725f-1ab0-44d8-820f-430df2718e11&s=WL5Bz%2BGvhRhWNKxr8WLxmd6WFngnqhSYrgp3QWwGcy4%3D"}]}
Reporting-Endpoints: heroku-nel=https://nel.heroku.com/reports?ts=1711907902&sid=c4c9725f-1ab0-44d8-820f-430df2718e11&s=WL5Bz%2BGvhRhWNKxr8WLxmd6WFngnqhSYrgp3QWwGcy4%3D
Nel: {"report_to":"heroku-nel","max_age":3600,"success_fraction":0.005,"failure_fraction":0.05,"response_headers":["Via"]}
X-Powered-By: Express
Access-Control-Allow-Origin: *
Etag: W/"54-0/+KCqVx2ja+gUOelGASG25ON08"
Via: 1.1 vegur
CF-Cache-Status: DYNAMIC
Server: cloudflare
CF-RAY: 86d23a235c1b1490-DME

{
    "name": "Tomato",
    "job": "Eat maket",
    "id": "21",
    "createdAt": "2024-03-31T17:58:22.087Z"
}
  &amp#27;[32mИ &amp#27;[0m&amp#27;[32mсделать запрос Create на создание пользователя&amp#27;[0m    &amp#27;[90m# steps.ReqresAPI.post()&amp#27;[0m
  &amp#27;[32mТогда &amp#27;[0m&amp#27;[32mполя name и job в теле запроса и ответа равны&amp#27;[0m &amp#27;[90m# steps.ReqresAPI.test()&amp#27;[0m
]]></system-out>
    <system-err><![CDATA[SLF4J: No SLF4J providers were found.
SLF4J: Defaulting to no-operation (NOP) logger implementation
SLF4J: See https://www.slf4j.org/codes.html#noProviders for further details.
мар. 31, 2024 9:58:14 PM io.cucumber.core.options.CucumberPropertiesParser lambda$warnWhenCucumberOptionsIsUsed$2
WARNING: Passing commandline options via the property 'cucumber.options' is no longer supported. Please use individual properties instead. See the java doc on io.cucumber.core.options.Constants for details.
мар. 31, 2024 9:58:15 PM io.cucumber.core.options.CucumberPropertiesParser lambda$warnWhenCucumberOptionsIsUsed$2
WARNING: Passing commandline options via the property 'cucumber.options' is no longer supported. Please use individual properties instead. See the java doc on io.cucumber.core.options.Constants for details.
]]></system-err>
  </testcase>
  <testcase name="Сравнение расы и местоположения персонажей с Morty" classname="Изучения персонажей сериала Rick and Morty" time="3.365">
    <system-out><![CDATA[
@rickMortyAPI
Сценарий: Сравнение расы и местоположения персонажей с Morty               &amp#27;[90m# features/rickMortyAPI.feature:6&amp#27;[0m
Request method:	GET
Request URI:	https://rickandmortyapi.com/api/character/2
Proxy:			<none>
Request params:	<none>
Query params:	<none>
Form params:	<none>
Path params:	<none>
Headers:		Accept=*/*
				Content-Type=application/json; charset=UTF-8
Cookies:		<none>
Multiparts:		<none>
Body:			<none>
Request method:	GET
Request URI:	https://rickandmortyapi.com/api/character/2
Proxy:			<none>
Request params:	<none>
Query params:	<none>
Form params:	<none>
Path params:	<none>
Headers:		Accept=*/*
				Content-Type=application/json; charset=UTF-8
Cookies:		<none>
Multiparts:		<none>
Body:			<none>
HTTP/1.1 200 OK
Access-Control-Allow-Origin: *
Age: 102716
Cache-Control: max-age=259200
Cache-Status: "Netlify Edge"; hit
Content-Encoding: gzip
Content-Length: 392
Content-Type: application/json; charset=utf-8
Date: Sun, 31 Mar 2024 17:58:24 GMT
Etag: W/"a6e-zQHAPIKFfD+Wv+P+4aCju24Mapw"
Expires: Tue, 02 Apr 2024 13:26:29 GMT
Netlify-Vary: query
Server: Netlify
Strict-Transport-Security: max-age=31536000
Vary: Accept-Encoding
X-Nf-Request-Id: 01HTATK77V10V7NMYCJ2V7AME0
X-Powered-By: Express

{
    "id": 2,
    "name": "Morty Smith",
    "status": "Alive",
    "species": "Human",
    "type": "",
    "gender": "Male",
    "origin": {
        "name": "unknown",
        "url": ""
    },
    "location": {
        "name": "Citadel of Ricks",
        "url": "https://rickandmortyapi.com/api/location/3"
    },
    "image": "https://rickandmortyapi.com/api/character/avatar/2.jpeg",
    "episode": [
        "https://rickandmortyapi.com/api/episode/1",
        "https://rickandmortyapi.com/api/episode/2",
        "https://rickandmortyapi.com/api/episode/3",
        "https://rickandmortyapi.com/api/episode/4",
        "https://rickandmortyapi.com/api/episode/5",
        "https://rickandmortyapi.com/api/episode/6",
        "https://rickandmortyapi.com/api/episode/7",
        "https://rickandmortyapi.com/api/episode/8",
        "https://rickandmortyapi.com/api/episode/9",
        "https://rickandmortyapi.com/api/episode/10",
        "https://rickandmortyapi.com/api/episode/11",
        "https://rickandmortyapi.com/api/episode/12",
        "https://rickandmortyapi.com/api/episode/13",
        "https://rickandmortyapi.com/api/episode/14",
        "https://rickandmortyapi.com/api/episode/15",
        "https://rickandmortyapi.com/api/episode/16",
        "https://rickandmortyapi.com/api/episode/17",
        "https://rickandmortyapi.com/api/episode/18",
        "https://rickandmortyapi.com/api/episode/19",
        "https://rickandmortyapi.com/api/episode/20",
        "https://rickandmortyapi.com/api/episode/21",
        "https://rickandmortyapi.com/api/episode/22",
        "https://rickandmortyapi.com/api/episode/23",
        "https://rickandmortyapi.com/api/episode/24",
        "https://rickandmortyapi.com/api/episode/25",
        "https://rickandmortyapi.com/api/episode/26",
        "https://rickandmortyapi.com/api/episode/27",
        "https://rickandmortyapi.com/api/episode/28",
        "https://rickandmortyapi.com/api/episode/29",
        "https://rickandmortyapi.com/api/episode/30",
        "https://rickandmortyapi.com/api/episode/31",
        "https://rickandmortyapi.com/api/episode/32",
        "https://rickandmortyapi.com/api/episode/33",
        "https://rickandmortyapi.com/api/episode/34",
        "https://rickandmortyapi.com/api/episode/35",
        "https://rickandmortyapi.com/api/episode/36",
        "https://rickandmortyapi.com/api/episode/37",
        "https://rickandmortyapi.com/api/episode/38",
        "https://rickandmortyapi.com/api/episode/39",
        "https://rickandmortyapi.com/api/episode/40",
        "https://rickandmortyapi.com/api/episode/41",
        "https://rickandmortyapi.com/api/episode/42",
        "https://rickandmortyapi.com/api/episode/43",
        "https://rickandmortyapi.com/api/episode/44",
        "https://rickandmortyapi.com/api/episode/45",
        "https://rickandmortyapi.com/api/episode/46",
        "https://rickandmortyapi.com/api/episode/47",
        "https://rickandmortyapi.com/api/episode/48",
        "https://rickandmortyapi.com/api/episode/49",
        "https://rickandmortyapi.com/api/episode/50",
        "https://rickandmortyapi.com/api/episode/51"
    ],
    "url": "https://rickandmortyapi.com/api/character/2",
    "created": "2017-11-04T18:50:21.651Z"
}
HTTP/1.1 200 OK
Access-Control-Allow-Origin: *
Age: 102716
Cache-Control: max-age=259200
Cache-Status: "Netlify Edge"; hit
Content-Encoding: gzip
Content-Length: 392
Content-Type: application/json; charset=utf-8
Date: Sun, 31 Mar 2024 17:58:24 GMT
Etag: W/"a6e-zQHAPIKFfD+Wv+P+4aCju24Mapw"
Expires: Tue, 02 Apr 2024 13:26:29 GMT
Netlify-Vary: query
Server: Netlify
Strict-Transport-Security: max-age=31536000
Vary: Accept-Encoding
X-Nf-Request-Id: 01HTATK77V10V7NMYCJ2V7AME0
X-Powered-By: Express

{
    "id": 2,
    "name": "Morty Smith",
    "status": "Alive",
    "species": "Human",
    "type": "",
    "gender": "Male",
    "origin": {
        "name": "unknown",
        "url": ""
    },
    "location": {
        "name": "Citadel of Ricks",
        "url": "https://rickandmortyapi.com/api/location/3"
    },
    "image": "https://rickandmortyapi.com/api/character/avatar/2.jpeg",
    "episode": [
        "https://rickandmortyapi.com/api/episode/1",
        "https://rickandmortyapi.com/api/episode/2",
        "https://rickandmortyapi.com/api/episode/3",
        "https://rickandmortyapi.com/api/episode/4",
        "https://rickandmortyapi.com/api/episode/5",
        "https://rickandmortyapi.com/api/episode/6",
        "https://rickandmortyapi.com/api/episode/7",
        "https://rickandmortyapi.com/api/episode/8",
        "https://rickandmortyapi.com/api/episode/9",
        "https://rickandmortyapi.com/api/episode/10",
        "https://rickandmortyapi.com/api/episode/11",
        "https://rickandmortyapi.com/api/episode/12",
        "https://rickandmortyapi.com/api/episode/13",
        "https://rickandmortyapi.com/api/episode/14",
        "https://rickandmortyapi.com/api/episode/15",
        "https://rickandmortyapi.com/api/episode/16",
        "https://rickandmortyapi.com/api/episode/17",
        "https://rickandmortyapi.com/api/episode/18",
        "https://rickandmortyapi.com/api/episode/19",
        "https://rickandmortyapi.com/api/episode/20",
        "https://rickandmortyapi.com/api/episode/21",
        "https://rickandmortyapi.com/api/episode/22",
        "https://rickandmortyapi.com/api/episode/23",
        "https://rickandmortyapi.com/api/episode/24",
        "https://rickandmortyapi.com/api/episode/25",
        "https://rickandmortyapi.com/api/episode/26",
        "https://rickandmortyapi.com/api/episode/27",
        "https://rickandmortyapi.com/api/episode/28",
        "https://rickandmortyapi.com/api/episode/29",
        "https://rickandmortyapi.com/api/episode/30",
        "https://rickandmortyapi.com/api/episode/31",
        "https://rickandmortyapi.com/api/episode/32",
        "https://rickandmortyapi.com/api/episode/33",
        "https://rickandmortyapi.com/api/episode/34",
        "https://rickandmortyapi.com/api/episode/35",
        "https://rickandmortyapi.com/api/episode/36",
        "https://rickandmortyapi.com/api/episode/37",
        "https://rickandmortyapi.com/api/episode/38",
        "https://rickandmortyapi.com/api/episode/39",
        "https://rickandmortyapi.com/api/episode/40",
        "https://rickandmortyapi.com/api/episode/41",
        "https://rickandmortyapi.com/api/episode/42",
        "https://rickandmortyapi.com/api/episode/43",
        "https://rickandmortyapi.com/api/episode/44",
        "https://rickandmortyapi.com/api/episode/45",
        "https://rickandmortyapi.com/api/episode/46",
        "https://rickandmortyapi.com/api/episode/47",
        "https://rickandmortyapi.com/api/episode/48",
        "https://rickandmortyapi.com/api/episode/49",
        "https://rickandmortyapi.com/api/episode/50",
        "https://rickandmortyapi.com/api/episode/51"
    ],
    "url": "https://rickandmortyapi.com/api/character/2",
    "created": "2017-11-04T18:50:21.651Z"
}
  &amp#27;[32mЕсли &amp#27;[0m&amp#27;[32mполучить и сохранить информацию о расе и местоположении Morty Smith&amp#27;[0m &amp#27;[90m# steps.RickMortyAPI.saveChar()&amp#27;[0m
  &amp#27;[32mИ &amp#27;[0m&amp#27;[32mполучить последний эпизод где появлялся Morty&amp#27;[0m                          &amp#27;[90m# steps.RickMortyAPI.lastEpisode()&amp#27;[0m
Request method:	GET
Request URI:	https://rickandmortyapi.com/api/episode/51
Proxy:			<none>
Request params:	<none>
Query params:	<none>
Form params:	<none>
Path params:	<none>
Headers:		Accept=*/*
				Content-Type=application/json; charset=UTF-8
Cookies:		<none>
Multiparts:		<none>
Body:			<none>
Request method:	GET
Request URI:	https://rickandmortyapi.com/api/episode/51
Proxy:			<none>
Request params:	<none>
Query params:	<none>
Form params:	<none>
Path params:	<none>
Headers:		Accept=*/*
				Content-Type=application/json; charset=UTF-8
Cookies:		<none>
Multiparts:		<none>
Body:			<none>
HTTP/1.1 200 OK
Access-Control-Allow-Origin: *
Age: 117392
Cache-Control: max-age=259200
Cache-Status: "Netlify Edge"; hit
Content-Encoding: gzip
Content-Length: 322
Content-Type: application/json; charset=utf-8
Date: Sun, 31 Mar 2024 17:58:25 GMT
Etag: W/"88d-44+2raFkNIWpvpO4gO0AUpuPjug"
Expires: Tue, 02 Apr 2024 09:21:53 GMT
Netlify-Vary: query
Server: Netlify
Strict-Transport-Security: max-age=31536000
Vary: Accept-Encoding
X-Nf-Request-Id: 01HTATK86PMW8MHNGC4N9RX895
X-Powered-By: Express

{
    "id": 51,
    "name": "Rickmurai Jack",
    "air_date": "September 5, 2021",
    "episode": "S05E10",
    "characters": [
        "https://rickandmortyapi.com/api/character/1",
        "https://rickandmortyapi.com/api/character/2",
        "https://rickandmortyapi.com/api/character/5",
        "https://rickandmortyapi.com/api/character/4",
        "https://rickandmortyapi.com/api/character/3",
        "https://rickandmortyapi.com/api/character/47",
        "https://rickandmortyapi.com/api/character/787",
        "https://rickandmortyapi.com/api/character/118",
        "https://rickandmortyapi.com/api/character/801",
        "https://rickandmortyapi.com/api/character/802",
        "https://rickandmortyapi.com/api/character/803",
        "https://rickandmortyapi.com/api/character/804",
        "https://rickandmortyapi.com/api/character/805",
        "https://rickandmortyapi.com/api/character/806",
        "https://rickandmortyapi.com/api/character/94",
        "https://rickandmortyapi.com/api/character/807",
        "https://rickandmortyapi.com/api/character/808",
        "https://rickandmortyapi.com/api/character/809",
        "https://rickandmortyapi.com/api/character/810",
        "https://rickandmortyapi.com/api/character/244",
        "https://rickandmortyapi.com/api/character/285",
        "https://rickandmortyapi.com/api/character/274",
        "https://rickandmortyapi.com/api/character/215",
        "https://rickandmortyapi.com/api/character/294",
        "https://rickandmortyapi.com/api/character/389",
        "https://rickandmortyapi.com/api/character/380",
        "https://rickandmortyapi.com/api/character/38",
        "https://rickandmortyapi.com/api/character/811",
        "https://rickandmortyapi.com/api/character/812",
        "https://rickandmortyapi.com/api/character/392",
        "https://rickandmortyapi.com/api/character/813",
        "https://rickandmortyapi.com/api/character/814",
        "https://rickandmortyapi.com/api/character/815",
        "https://rickandmortyapi.com/api/character/816",
        "https://rickandmortyapi.com/api/character/817",
        "https://rickandmortyapi.com/api/character/818",
        "https://rickandmortyapi.com/api/character/819",
        "https://rickandmortyapi.com/api/character/820",
        "https://rickandmortyapi.com/api/character/822",
        "https://rickandmortyapi.com/api/character/823",
        "https://rickandmortyapi.com/api/character/824",
        "https://rickandmortyapi.com/api/character/825"
    ],
    "url": "https://rickandmortyapi.com/api/episode/51",
    "created": "2021-10-15T17:00:24.105Z"
}
HTTP/1.1 200 OK
Access-Control-Allow-Origin: *
Age: 117392
Cache-Control: max-age=259200
Cache-Status: "Netlify Edge"; hit
Content-Encoding: gzip
Content-Length: 322
Content-Type: application/json; charset=utf-8
Date: Sun, 31 Mar 2024 17:58:25 GMT
Etag: W/"88d-44+2raFkNIWpvpO4gO0AUpuPjug"
Expires: Tue, 02 Apr 2024 09:21:53 GMT
Netlify-Vary: query
Server: Netlify
Strict-Transport-Security: max-age=31536000
Vary: Accept-Encoding
X-Nf-Request-Id: 01HTATK86PMW8MHNGC4N9RX895
X-Powered-By: Express

{
    "id": 51,
    "name": "Rickmurai Jack",
    "air_date": "September 5, 2021",
    "episode": "S05E10",
    "characters": [
        "https://rickandmortyapi.com/api/character/1",
        "https://rickandmortyapi.com/api/character/2",
        "https://rickandmortyapi.com/api/character/5",
        "https://rickandmortyapi.com/api/character/4",
        "https://rickandmortyapi.com/api/character/3",
        "https://rickandmortyapi.com/api/character/47",
        "https://rickandmortyapi.com/api/character/787",
        "https://rickandmortyapi.com/api/character/118",
        "https://rickandmortyapi.com/api/character/801",
        "https://rickandmortyapi.com/api/character/802",
        "https://rickandmortyapi.com/api/character/803",
        "https://rickandmortyapi.com/api/character/804",
        "https://rickandmortyapi.com/api/character/805",
        "https://rickandmortyapi.com/api/character/806",
        "https://rickandmortyapi.com/api/character/94",
        "https://rickandmortyapi.com/api/character/807",
        "https://rickandmortyapi.com/api/character/808",
        "https://rickandmortyapi.com/api/character/809",
        "https://rickandmortyapi.com/api/character/810",
        "https://rickandmortyapi.com/api/character/244",
        "https://rickandmortyapi.com/api/character/285",
        "https://rickandmortyapi.com/api/character/274",
        "https://rickandmortyapi.com/api/character/215",
        "https://rickandmortyapi.com/api/character/294",
        "https://rickandmortyapi.com/api/character/389",
        "https://rickandmortyapi.com/api/character/380",
        "https://rickandmortyapi.com/api/character/38",
        "https://rickandmortyapi.com/api/character/811",
        "https://rickandmortyapi.com/api/character/812",
        "https://rickandmortyapi.com/api/character/392",
        "https://rickandmortyapi.com/api/character/813",
        "https://rickandmortyapi.com/api/character/814",
        "https://rickandmortyapi.com/api/character/815",
        "https://rickandmortyapi.com/api/character/816",
        "https://rickandmortyapi.com/api/character/817",
        "https://rickandmortyapi.com/api/character/818",
        "https://rickandmortyapi.com/api/character/819",
        "https://rickandmortyapi.com/api/character/820",
        "https://rickandmortyapi.com/api/character/822",
        "https://rickandmortyapi.com/api/character/823",
        "https://rickandmortyapi.com/api/character/824",
        "https://rickandmortyapi.com/api/character/825"
    ],
    "url": "https://rickandmortyapi.com/api/episode/51",
    "created": "2021-10-15T17:00:24.105Z"
}
  &amp#27;[32mИ &amp#27;[0m&amp#27;[32mв эпизоде найти последнего появлявшегося персонажа&amp#27;[0m                     &amp#27;[90m# steps.RickMortyAPI.searchChar2()&amp#27;[0m
Request method:	GET
Request URI:	https://rickandmortyapi.com/api/character/825
Proxy:			<none>
Request params:	<none>
Query params:	<none>
Form params:	<none>
Path params:	<none>
Headers:		Accept=*/*
				Content-Type=application/json; charset=UTF-8
Cookies:		<none>
Multiparts:		<none>
Body:			<none>
Request method:	GET
Request URI:	https://rickandmortyapi.com/api/character/825
Proxy:			<none>
Request params:	<none>
Query params:	<none>
Form params:	<none>
Path params:	<none>
Headers:		Accept=*/*
				Content-Type=application/json; charset=UTF-8
Cookies:		<none>
Multiparts:		<none>
Body:			<none>
HTTP/1.1 200 OK
Access-Control-Allow-Origin: *
Age: 186819
Cache-Control: max-age=259200
Cache-Status: "Netlify Edge"; hit
Content-Length: 508
Content-Type: application/json; charset=utf-8
Date: Sun, 31 Mar 2024 17:58:27 GMT
Etag: W/"1fc-O0ha0359Zjc45DLalSO2T/uLKzg"
Expires: Mon, 01 Apr 2024 14:04:48 GMT
Netlify-Vary: query
Server: Netlify
Strict-Transport-Security: max-age=31536000
X-Nf-Request-Id: 01HTATK9EM7R3YDCHX7VRWD3V9
X-Powered-By: Express

{
    "id": 825,
    "name": "Young Jerry",
    "status": "unknown",
    "species": "Human",
    "type": "",
    "gender": "Male",
    "origin": {
        "name": "Earth (Unknown dimension)",
        "url": "https://rickandmortyapi.com/api/location/30"
    },
    "location": {
        "name": "Earth (Unknown dimension)",
        "url": "https://rickandmortyapi.com/api/location/30"
    },
    "image": "https://rickandmortyapi.com/api/character/avatar/825.jpeg",
    "episode": [
        "https://rickandmortyapi.com/api/episode/51"
    ],
    "url": "https://rickandmortyapi.com/api/character/825",
    "created": "2021-11-02T17:20:14.305Z"
}
HTTP/1.1 200 OK
Access-Control-Allow-Origin: *
Age: 186819
Cache-Control: max-age=259200
Cache-Status: "Netlify Edge"; hit
Content-Length: 508
Content-Type: application/json; charset=utf-8
Date: Sun, 31 Mar 2024 17:58:27 GMT
Etag: W/"1fc-O0ha0359Zjc45DLalSO2T/uLKzg"
Expires: Mon, 01 Apr 2024 14:04:48 GMT
Netlify-Vary: query
Server: Netlify
Strict-Transport-Security: max-age=31536000
X-Nf-Request-Id: 01HTATK9EM7R3YDCHX7VRWD3V9
X-Powered-By: Express

{
    "id": 825,
    "name": "Young Jerry",
    "status": "unknown",
    "species": "Human",
    "type": "",
    "gender": "Male",
    "origin": {
        "name": "Earth (Unknown dimension)",
        "url": "https://rickandmortyapi.com/api/location/30"
    },
    "location": {
        "name": "Earth (Unknown dimension)",
        "url": "https://rickandmortyapi.com/api/location/30"
    },
    "image": "https://rickandmortyapi.com/api/character/avatar/825.jpeg",
    "episode": [
        "https://rickandmortyapi.com/api/episode/51"
    ],
    "url": "https://rickandmortyapi.com/api/character/825",
    "created": "2021-11-02T17:20:14.305Z"
}
  &amp#27;[32mИ &amp#27;[0m&amp#27;[32mсохранить информацию о его расе и местоположении&amp#27;[0m                       &amp#27;[90m# steps.RickMortyAPI.saveChar2()&amp#27;[0m
  &amp#27;[32mТогда &amp#27;[0m&amp#27;[32mпроверить совпадение расы персонажей&amp#27;[0m                               &amp#27;[90m# steps.RickMortyAPI.compareSpecies()&amp#27;[0m
  &amp#27;[32mИ &amp#27;[0m&amp#27;[32mпроверить несовпадение локаций персонажей&amp#27;[0m                              &amp#27;[90m# steps.RickMortyAPI.compareLocation()&amp#27;[0m
]]></system-out>
  </testcase>
</testsuite>